app/build/intermediates/manifest_merge_blame_file/debug/processDebugMainManifest/manifest-merger-blame-debug-report.txt
1<?xml version="1.0" encoding="utf-8"?>
2<manifest xmlns:android="http://schemas.android.com/apk/res/android"
3    package="com.companionai.voiceapp"
4    android:versionCode="1"
5    android:versionName="0.1.0-mvp" >
6
7    <uses-sdk
8        android:minSdkVersion="31"
9        android:targetSdkVersion="34" />
10
11    <uses-permission android:name="android.permission.RECORD_AUDIO" />
11-->src/main/AndroidManifest.xml:5:5-71
11-->src/main/AndroidManifest.xml:5:22-68
12    <uses-permission android:name="android.permission.POST_NOTIFICATIONS" />
12-->src/main/AndroidManifest.xml:6:5-77
12-->src/main/AndroidManifest.xml:6:22-74
13    <uses-permission android:name="android.permission.SYSTEM_ALERT_WINDOW" />
13-->src/main/AndroidManifest.xml:7:5-78
13-->src/main/AndroidManifest.xml:7:22-75
14    <uses-permission android:name="android.permission.FOREGROUND_SERVICE" />
14-->src/main/AndroidManifest.xml:8:5-77
14-->src/main/AndroidManifest.xml:8:22-74
15    <uses-permission android:name="android.permission.FOREGROUND_SERVICE_MICROPHONE" />
15-->src/main/AndroidManifest.xml:9:5-88
15-->src/main/AndroidManifest.xml:9:22-85
16    <uses-permission android:name="android.permission.FOREGROUND_SERVICE_SPECIAL_USE" />
16-->src/main/AndroidManifest.xml:10:5-11:32
16-->src/main/AndroidManifest.xml:10:22-86
17    <uses-permission android:name="android.permission.WAKE_LOCK" />
17-->src/main/AndroidManifest.xml:12:5-68
17-->src/main/AndroidManifest.xml:12:22-65
18
19    <permission
19-->[androidx.core:core:1.13.1] AndroidManifest.xml:22:5-24:47
20        android:name="com.companionai.voiceapp.DYNAMIC_RECEIVER_NOT_EXPORTED_PERMISSION"
20-->[androidx.core:core:1.13.1] AndroidManifest.xml:23:9-81
21        android:protectionLevel="signature" />
21-->[androidx.core:core:1.13.1] AndroidManifest.xml:24:9-44
22
23    <uses-permission android:name="com.companionai.voiceapp.DYNAMIC_RECEIVER_NOT_EXPORTED_PERMISSION" />
23-->[androidx.core:core:1.13.1] AndroidManifest.xml:26:5-97
23-->[androidx.core:core:1.13.1] AndroidManifest.xml:26:22-94
24
25    <application
25-->src/main/AndroidManifest.xml:14:5-70:19
26        android:name="com.companionai.voiceapp.VoiceCompanionApp"
26-->src/main/AndroidManifest.xml:15:9-42
27        android:allowBackup="true"
27-->src/main/AndroidManifest.xml:16:9-35
28        android:appComponentFactory="androidx.core.app.CoreComponentFactory"
28-->[androidx.core:core:1.13.1] AndroidManifest.xml:28:18-86
29        android:dataExtractionRules="@xml/data_extraction_rules"
29-->src/main/AndroidManifest.xml:17:9-65
30        android:debuggable="true"
31        android:extractNativeLibs="false"
32        android:fullBackupContent="@xml/backup_rules"
32-->src/main/AndroidManifest.xml:18:9-54
33        android:icon="@mipmap/ic_launcher"
33-->src/main/AndroidManifest.xml:19:9-43
34        android:label="@string/app_name"
34-->src/main/AndroidManifest.xml:20:9-41
35        android:supportsRtl="true"
35-->src/main/AndroidManifest.xml:21:9-35
36        android:theme="@style/Theme.VoiceCompanion" >
36-->src/main/AndroidManifest.xml:22:9-52
37        <activity
37-->src/main/AndroidManifest.xml:25:9-34:20
38            android:name="com.companionai.voiceapp.MainActivity"
38-->src/main/AndroidManifest.xml:26:13-41
39            android:exported="true"
39-->src/main/AndroidManifest.xml:27:13-36
40            android:launchMode="singleTop"
40-->src/main/AndroidManifest.xml:28:13-43
41            android:windowSoftInputMode="adjustResize" >
41-->src/main/AndroidManifest.xml:29:13-55
42            <intent-filter>
42-->src/main/AndroidManifest.xml:30:13-33:29
43                <action android:name="android.intent.action.MAIN" />
43-->src/main/AndroidManifest.xml:31:17-69
43-->src/main/AndroidManifest.xml:31:25-66
44
45                <category android:name="android.intent.category.LAUNCHER" />
45-->src/main/AndroidManifest.xml:32:17-77
45-->src/main/AndroidManifest.xml:32:27-74
46            </intent-filter>
47        </activity>
48        <activity
48-->src/main/AndroidManifest.xml:36:9-39:54
49            android:name="com.companionai.voiceapp.SettingsActivity"
49-->src/main/AndroidManifest.xml:37:13-45
50            android:exported="false"
50-->src/main/AndroidManifest.xml:38:13-37
51            android:label="@string/settings_title" />
51-->src/main/AndroidManifest.xml:39:13-51
52        <activity
52-->src/main/AndroidManifest.xml:41:9-44:42
53            android:name="com.companionai.voiceapp.CharactersActivity"
53-->src/main/AndroidManifest.xml:42:13-47
54            android:exported="false"
54-->src/main/AndroidManifest.xml:43:13-37
55            android:label="Characters" />
55-->src/main/AndroidManifest.xml:44:13-39
56        <activity
56-->src/main/AndroidManifest.xml:46:9-49:48
57            android:name="com.companionai.voiceapp.CharacterEditorActivity"
57-->src/main/AndroidManifest.xml:47:13-52
58            android:exported="false"
58-->src/main/AndroidManifest.xml:48:13-37
59            android:label="Character Editor" />
59-->src/main/AndroidManifest.xml:49:13-45
60        <activity
60-->src/main/AndroidManifest.xml:51:9-54:46
61            android:name="com.companionai.voiceapp.PreferencesActivity"
61-->src/main/AndroidManifest.xml:52:13-48
62            android:exported="false"
62-->src/main/AndroidManifest.xml:53:13-37
63            android:label="My Preferences" />
63-->src/main/AndroidManifest.xml:54:13-43
64
65        <service
65-->src/main/AndroidManifest.xml:56:9-59:58
66            android:name="com.companionai.voiceapp.service.CompanionForegroundService"
66-->src/main/AndroidManifest.xml:57:13-63
67            android:exported="false"
67-->src/main/AndroidManifest.xml:58:13-37
68            android:foregroundServiceType="microphone" />
68-->src/main/AndroidManifest.xml:59:13-55
69        <service
69-->src/main/AndroidManifest.xml:61:9-68:19
70            android:name="com.companionai.voiceapp.service.FloatingBubbleService"
70-->src/main/AndroidManifest.xml:62:13-58
71            android:exported="false"
71-->src/main/AndroidManifest.xml:63:13-37
72            android:foregroundServiceType="specialUse" >
72-->src/main/AndroidManifest.xml:64:13-55
73            <property
73-->src/main/AndroidManifest.xml:65:13-67:62
74                android:name="android.app.PROPERTY_SPECIAL_USE_FGS_SUBTYPE"
74-->src/main/AndroidManifest.xml:66:17-76
75                android:value="floating_companion_overlay" />
75-->src/main/AndroidManifest.xml:67:17-59
76        </service>
77
78        <provider
78-->[androidx.emoji2:emoji2:1.3.0] AndroidManifest.xml:24:9-32:20
79            android:name="androidx.startup.InitializationProvider"
79-->[androidx.emoji2:emoji2:1.3.0] AndroidManifest.xml:25:13-67
80            android:authorities="com.companionai.voiceapp.androidx-startup"
80-->[androidx.emoji2:emoji2:1.3.0] AndroidManifest.xml:26:13-68
81            android:exported="false" >
81-->[androidx.emoji2:emoji2:1.3.0] AndroidManifest.xml:27:13-37
82            <meta-data
82-->[androidx.emoji2:emoji2:1.3.0] AndroidManifest.xml:29:13-31:52
83                android:name="androidx.emoji2.text.EmojiCompatInitializer"
83-->[androidx.emoji2:emoji2:1.3.0] AndroidManifest.xml:30:17-75
84                android:value="androidx.startup" />
84-->[androidx.emoji2:emoji2:1.3.0] AndroidManifest.xml:31:17-49
85            <meta-data
85-->[androidx.lifecycle:lifecycle-process:2.8.4] AndroidManifest.xml:29:13-31:52
86                android:name="androidx.lifecycle.ProcessLifecycleInitializer"
86-->[androidx.lifecycle:lifecycle-process:2.8.4] AndroidManifest.xml:30:17-78
87                android:value="androidx.startup" />
87-->[androidx.lifecycle:lifecycle-process:2.8.4] AndroidManifest.xml:31:17-49
88            <meta-data
88-->[androidx.profileinstaller:profileinstaller:1.3.1] AndroidManifest.xml:29:13-31:52
89                android:name="androidx.profileinstaller.ProfileInstallerInitializer"
89-->[androidx.profileinstaller:profileinstaller:1.3.1] AndroidManifest.xml:30:17-85
90                android:value="androidx.startup" />
90-->[androidx.profileinstaller:profileinstaller:1.3.1] AndroidManifest.xml:31:17-49
91        </provider>
92
93        <service
93-->[androidx.room:room-runtime:2.6.1] AndroidManifest.xml:24:9-28:63
94            android:name="androidx.room.MultiInstanceInvalidationService"
94-->[androidx.room:room-runtime:2.6.1] AndroidManifest.xml:25:13-74
95            android:directBootAware="true"
95-->[androidx.room:room-runtime:2.6.1] AndroidManifest.xml:26:13-43
96            android:exported="false" />
96-->[androidx.room:room-runtime:2.6.1] AndroidManifest.xml:27:13-37
97        <!--
98             Applications that target Android S+ require explicit declaration of
99             any referenced vendor-provided libraries.
100        -->
101        <uses-native-library
101-->[com.google.mediapipe:tasks-genai:0.10.27] AndroidManifest.xml:15:9-17:40
102            android:name="libOpenCL.so"
102-->[com.google.mediapipe:tasks-genai:0.10.27] AndroidManifest.xml:16:13-40
103            android:required="false" />
103-->[com.google.mediapipe:tasks-genai:0.10.27] AndroidManifest.xml:17:13-37
104        <uses-native-library
104-->[com.google.mediapipe:tasks-genai:0.10.27] AndroidManifest.xml:15:9-17:40
105            android:name="libOpenCL-car.so"
105-->[com.google.mediapipe:tasks-genai:0.10.27] AndroidManifest.xml:16:13-40
106            android:required="false" />
106-->[com.google.mediapipe:tasks-genai:0.10.27] AndroidManifest.xml:17:13-37
107        <uses-native-library
107-->[com.google.mediapipe:tasks-genai:0.10.27] AndroidManifest.xml:15:9-17:40
108            android:name="libOpenCL-pixel.so"
108-->[com.google.mediapipe:tasks-genai:0.10.27] AndroidManifest.xml:16:13-40
109            android:required="false" />
109-->[com.google.mediapipe:tasks-genai:0.10.27] AndroidManifest.xml:17:13-37
110
111        <receiver
111-->[androidx.profileinstaller:profileinstaller:1.3.1] AndroidManifest.xml:34:9-52:20
112            android:name="androidx.profileinstaller.ProfileInstallReceiver"
112-->[androidx.profileinstaller:profileinstaller:1.3.1] AndroidManifest.xml:35:13-76
113            android:directBootAware="false"
113-->[androidx.profileinstaller:profileinstaller:1.3.1] AndroidManifest.xml:36:13-44
114            android:enabled="true"
114-->[androidx.profileinstaller:profileinstaller:1.3.1] AndroidManifest.xml:37:13-35
115            android:exported="true"
115-->[androidx.profileinstaller:profileinstaller:1.3.1] AndroidManifest.xml:38:13-36
116            android:permission="android.permission.DUMP" >
116-->[androidx.profileinstaller:profileinstaller:1.3.1] AndroidManifest.xml:39:13-57
117            <intent-filter>
117-->[androidx.profileinstaller:profileinstaller:1.3.1] AndroidManifest.xml:40:13-42:29
118                <action android:name="androidx.profileinstaller.action.INSTALL_PROFILE" />
118-->[androidx.profileinstaller:profileinstaller:1.3.1] AndroidManifest.xml:41:17-91
118-->[androidx.profileinstaller:profileinstaller:1.3.1] AndroidManifest.xml:41:25-88
119            </intent-filter>
120            <intent-filter>
120-->[androidx.profileinstaller:profileinstaller:1.3.1] AndroidManifest.xml:43:13-45:29
121                <action android:name="androidx.profileinstaller.action.SKIP_FILE" />
121-->[androidx.profileinstaller:profileinstaller:1.3.1] AndroidManifest.xml:44:17-85
121-->[androidx.profileinstaller:profileinstaller:1.3.1] AndroidManifest.xml:44:25-82
122            </intent-filter>
123            <intent-filter>
123-->[androidx.profileinstaller:profileinstaller:1.3.1] AndroidManifest.xml:46:13-48:29
124                <action android:name="androidx.profileinstaller.action.SAVE_PROFILE" />
124-->[androidx.profileinstaller:profileinstaller:1.3.1] AndroidManifest.xml:47:17-88
124-->[androidx.profileinstaller:profileinstaller:1.3.1] AndroidManifest.xml:47:25-85
125            </intent-filter>
126            <intent-filter>
126-->[androidx.profileinstaller:profileinstaller:1.3.1] AndroidManifest.xml:49:13-51:29
127                <action android:name="androidx.profileinstaller.action.BENCHMARK_OPERATION" />
127-->[androidx.profileinstaller:profileinstaller:1.3.1] AndroidManifest.xml:50:17-95
127-->[androidx.profileinstaller:profileinstaller:1.3.1] AndroidManifest.xml:50:25-92
128            </intent-filter>
129        </receiver>
130    </application>
131
132</manifest>